{
  "RSpec": {
    "coverage": {
      "/home/dev/Proj2/level_me_up/app/models/user.rb": [
        null,
        null,
        1,
        null,
        null,
        1,
        null,
        null,
        1,
        null,
        1,
        null,
        null,
        null,
        null,
        null,
        null,
        1,
        1,
        1,
        null,
        1,
        6,
        6,
        null,
        null,
        1,
        null,
        1,
        12,
        null,
        null
      ],
      "/home/dev/Proj2/level_me_up/app/models/application_record.rb": [
        null,
        null,
        1,
        1,
        null
      ],
      "/home/dev/Proj2/level_me_up/app/controllers/api/v1/cities_controller.rb": [
        null,
        null,
        1,
        1,
        1,
        1,
        1,
        null,
        null,
        null,
        null
      ],
      "/home/dev/Proj2/level_me_up/app/controllers/application_controller.rb": [
        null,
        null,
        1,
        1,
        null,
        1,
        null,
        0,
        null,
        null,
        1,
        0,
        0,
        null,
        0,
        0,
        0,
        0,
        null,
        0,
        null,
        null,
        null,
        1,
        null,
        1,
        0,
        0,
        null,
        null,
        null,
        null,
        null,
        null,
        null,
        0,
        0,
        null,
        null,
        null,
        null,
        null,
        null,
        null,
        null,
        null,
        null
      ],
      "/home/dev/Proj2/level_me_up/app/models/city.rb": [
        null,
        null,
        1,
        1,
        null,
        1,
        1,
        null
      ],
      "/home/dev/Proj2/level_me_up/app/controllers/api/v1/levels_controller.rb": [
        null,
        null,
        1,
        1,
        1,
        1,
        1,
        null,
        null,
        null,
        null
      ],
      "/home/dev/Proj2/level_me_up/app/models/level.rb": [
        null,
        null,
        1,
        1,
        1,
        null
      ],
      "/home/dev/Proj2/level_me_up/app/models/match.rb": [
        null,
        null,
        1,
        1,
        null
      ],
      "/home/dev/Proj2/level_me_up/app/models/user_city_sport.rb": [
        null,
        null,
        1,
        1,
        1,
        1,
        null
      ],
      "/home/dev/Proj2/level_me_up/app/models/sport.rb": [
        null,
        null,
        1,
        1,
        1,
        null
      ],
      "/home/dev/Proj2/level_me_up/app/models/city_sport.rb": [
        null,
        null,
        1,
        1,
        null,
        1,
        1,
        1,
        null
      ],
      "/home/dev/Proj2/level_me_up/app/controllers/api/v1/city_sports_controller.rb": [
        null,
        null,
        1,
        1,
        1,
        1,
        1,
        1,
        1,
        1,
        1,
        1,
        1,
        1,
        null,
        1,
        null,
        null,
        null,
        null
      ],
      "/home/dev/Proj2/level_me_up/lib/json_web_token.rb": [
        null,
        null,
        1,
        1,
        null,
        1,
        2,
        2,
        2,
        null,
        null,
        1,
        2,
        2,
        null,
        null
      ],
      "/home/dev/Proj2/level_me_up/app/controllers/api/v1/level_sports_controller.rb": [
        null,
        null,
        1,
        1,
        1,
        1,
        1,
        1,
        1,
        0,
        0,
        0,
        0,
        0,
        null,
        0,
        null,
        null,
        0,
        null,
        null,
        null,
        null
      ],
      "/home/dev/Proj2/level_me_up/app/controllers/api/v1/users_controller.rb": [
        null,
        null,
        1,
        1,
        1,
        1,
        null,
        1,
        1,
        1,
        1,
        1,
        1,
        1,
        1,
        1,
        1,
        1,
        1,
        null,
        null,
        0,
        null,
        null,
        null,
        null,
        null
      ],
      "/home/dev/Proj2/level_me_up/app/controllers/api/v1/sessions_controller.rb": [
        null,
        null,
        1,
        1,
        1,
        1,
        1,
        1,
        1,
        1,
        1,
        null,
        null,
        0,
        null,
        null,
        null,
        1,
        null,
        null,
        null
      ],
      "/home/dev/Proj2/level_me_up/app/mailers/application_mailer.rb": [
        null,
        null,
        0,
        0,
        0,
        0
      ],
      "/home/dev/Proj2/level_me_up/app/controllers/api/v1/registrations_controller.rb": [
        null,
        null,
        0,
        0,
        0,
        0,
        null,
        0,
        0,
        0,
        0,
        0,
        0,
        0,
        0,
        0,
        0,
        null,
        0,
        0,
        0,
        0,
        0,
        0,
        0,
        0,
        0,
        0,
        0,
        0,
        0,
        0
      ],
      "/home/dev/Proj2/level_me_up/app/controllers/api/v1/confirmations_controller.rb": [
        null,
        null,
        null,
        0,
        0,
        0,
        0,
        null,
        0,
        0,
        0,
        0,
        0,
        0,
        0
      ],
      "/home/dev/Proj2/level_me_up/app/controllers/api/v1/mailers_controller.rb": [
        null,
        null,
        0,
        0,
        0,
        0,
        0,
        0,
        0,
        0,
        0,
        0,
        0,
        0,
        0,
        0,
        0
      ],
      "/home/dev/Proj2/level_me_up/app/channels/application_cable/connection.rb": [
        null,
        null,
        0,
        0,
        0,
        0
      ],
      "/home/dev/Proj2/level_me_up/app/channels/application_cable/channel.rb": [
        null,
        null,
        0,
        0,
        0,
        0
      ],
      "/home/dev/Proj2/level_me_up/app/models/level_city_sport.rb": [
        null,
        null,
        0,
        0,
        0,
        0,
        0
      ],
      "/home/dev/Proj2/level_me_up/app/jobs/application_job.rb": [
        null,
        null,
        0,
        0
      ]
    },
    "timestamp": 1580990309
  }
}
