{
  "RSpec": {
    "coverage": {
      "/home/dev/Proj2/level_me_up/app/models/user.rb": {
        "lines": [
          null,
          null,
          1,
          null,
          null,
          1,
          null,
          null,
          1,
          1,
          1,
          null,
          null,
          null,
          null,
          null,
          null,
          1,
          1,
          1,
          null,
          1,
          31,
          31,
          null,
          null,
          1,
          null,
          1,
          66,
          null,
          null
        ]
      },
      "/home/dev/Proj2/level_me_up/app/models/application_record.rb": {
        "lines": [
          null,
          null,
          1,
          1,
          null
        ]
      },
      "/home/dev/Proj2/level_me_up/app/controllers/api/v1/registrations_controller.rb": {
        "lines": [
          null,
          null,
          1,
          1,
          1,
          1,
          1,
          1,
          1,
          null,
          1,
          2,
          null,
          2,
          2,
          2,
          1,
          0,
          0,
          0,
          0,
          0,
          0,
          null,
          null,
          1,
          1,
          1,
          1,
          1,
          null,
          1,
          null,
          null,
          1,
          null,
          null,
          null,
          1,
          1,
          1,
          1,
          1,
          null,
          null,
          null,
          null,
          1,
          null,
          1,
          2,
          null,
          null,
          null,
          null,
          null,
          null,
          null,
          null,
          null,
          null,
          null
        ]
      },
      "/home/dev/Proj2/level_me_up/app/controllers/application_controller.rb": {
        "lines": [
          null,
          null,
          1,
          1,
          null,
          1,
          11,
          11,
          null,
          5,
          null,
          1,
          null,
          null,
          1,
          11,
          6,
          6,
          5,
          null,
          null
        ]
      },
      "/home/dev/Proj2/level_me_up/app/controllers/api/v1/cities_controller.rb": {
        "lines": [
          null,
          null,
          1,
          1,
          1,
          1,
          1,
          1,
          null,
          null,
          null,
          null
        ]
      },
      "/home/dev/Proj2/level_me_up/app/models/city.rb": {
        "lines": [
          null,
          null,
          1,
          1,
          null,
          1,
          1,
          null
        ]
      },
      "/home/dev/Proj2/level_me_up/app/controllers/api/v1/levels_controller.rb": {
        "lines": [
          null,
          null,
          1,
          1,
          1,
          1,
          1,
          1,
          null,
          null,
          1,
          1,
          1,
          1,
          1,
          1,
          null,
          null,
          null,
          null
        ]
      },
      "/home/dev/Proj2/level_me_up/app/models/level.rb": {
        "lines": [
          null,
          null,
          1,
          1,
          1,
          1,
          null
        ]
      },
      "/home/dev/Proj2/level_me_up/app/models/sport.rb": {
        "lines": [
          null,
          null,
          1,
          1,
          1,
          null
        ]
      },
      "/home/dev/Proj2/level_me_up/app/models/city_sport.rb": {
        "lines": [
          null,
          null,
          1,
          1,
          null,
          1,
          1,
          1,
          null
        ]
      },
      "/home/dev/Proj2/level_me_up/app/models/match.rb": {
        "lines": [
          null,
          null,
          1,
          1,
          null
        ]
      },
      "/home/dev/Proj2/level_me_up/app/models/user_city_sport.rb": {
        "lines": [
          null,
          null,
          1,
          1,
          1,
          1,
          null
        ]
      },
      "/home/dev/Proj2/level_me_up/app/models/level_city_sport.rb": {
        "lines": [
          null,
          null,
          1,
          1,
          1,
          1,
          null
        ]
      },
      "/home/dev/Proj2/level_me_up/lib/json_web_token.rb": {
        "lines": [
          null,
          null,
          1,
          1,
          null,
          1,
          10,
          10,
          null,
          null,
          1,
          11,
          6,
          null,
          null
        ]
      },
      "/home/dev/Proj2/level_me_up/app/controllers/api/v1/mailers_controller.rb": {
        "lines": [
          null,
          null,
          1,
          1,
          1,
          1,
          1,
          2,
          2,
          2,
          1,
          null,
          1,
          null,
          null,
          null,
          null,
          null
        ]
      },
      "/home/dev/Proj2/level_me_up/app/controllers/api/v1/users_controller.rb": {
        "lines": [
          null,
          null,
          1,
          1,
          1,
          1,
          1,
          null,
          1,
          3,
          3,
          3,
          3,
          3,
          3,
          2,
          2,
          2,
          2,
          2,
          null,
          null,
          1,
          null,
          null,
          null,
          1,
          null,
          null,
          null,
          null
        ]
      },
      "/home/dev/Proj2/level_me_up/app/controllers/api/v1/city_sports_controller.rb": {
        "lines": [
          null,
          null,
          1,
          1,
          1,
          null,
          1,
          1,
          1,
          1,
          1,
          1,
          null,
          1,
          null,
          null,
          null,
          null
        ]
      },
      "/home/dev/Proj2/level_me_up/app/controllers/api/v1/level_sports_controller.rb": {
        "lines": [
          null,
          null,
          1,
          1,
          1,
          null,
          1,
          1,
          1,
          1,
          1,
          1,
          1,
          1,
          1,
          null,
          null,
          1,
          null,
          null,
          null,
          null
        ]
      },
      "/home/dev/Proj2/level_me_up/app/controllers/api/v1/list_opponents_controller.rb": {
        "lines": [
          null,
          null,
          1,
          1,
          1,
          1,
          2,
          2,
          2,
          2,
          2,
          null,
          null,
          null,
          2,
          2,
          9,
          9,
          7,
          null,
          null,
          null,
          null,
          null,
          null,
          null,
          null,
          null,
          2,
          2,
          null,
          2,
          1,
          null,
          1,
          null,
          null,
          null,
          null,
          null
        ]
      },
      "/home/dev/Proj2/level_me_up/app/controllers/api/v1/sessions_controller.rb": {
        "lines": [
          null,
          null,
          1,
          1,
          1,
          1,
          1,
          2,
          2,
          1,
          1,
          1,
          null,
          null,
          1,
          null,
          null,
          null,
          1,
          null,
          null,
          null
        ]
      },
      "/home/dev/Proj2/level_me_up/app/mailers/application_mailer.rb": {
        "lines": [
          null,
          null,
          0,
          0,
          0,
          0
        ],
        "branches": {
        }
      },
      "/home/dev/Proj2/level_me_up/app/controllers/api/v1/confirmations_controller.rb": {
        "lines": [
          null,
          null,
          0,
          0,
          0,
          0,
          null,
          0,
          null,
          0,
          0,
          0,
          0,
          0,
          0,
          0
        ],
        "branches": {
        }
      },
      "/home/dev/Proj2/level_me_up/app/channels/application_cable/connection.rb": {
        "lines": [
          null,
          null,
          0,
          0,
          0,
          0
        ],
        "branches": {
        }
      },
      "/home/dev/Proj2/level_me_up/app/channels/application_cable/channel.rb": {
        "lines": [
          null,
          null,
          0,
          0,
          0,
          0
        ],
        "branches": {
        }
      },
      "/home/dev/Proj2/level_me_up/app/jobs/application_job.rb": {
        "lines": [
          null,
          null,
          0,
          0
        ],
        "branches": {
        }
      }
    },
    "timestamp": 1581404492
  }
}
